  image_filtering.cpp
C:\Users\Maciej\Documents\GitHub\io\filter.h(130,17): warning C4244: 'argument': conversion from 'double' to 'int', possible loss of data
C:\Users\Maciej\Documents\GitHub\io\filter.h(155,8): warning C4244: 'initializing': conversion from 'double' to 'int', possible loss of data
C:\Users\Maciej\Documents\GitHub\io\filter.h(184,8): warning C4244: 'initializing': conversion from 'double' to 'int', possible loss of data
C:\Users\Maciej\Documents\GitHub\io\filter.h(221,13): warning C4244: 'initializing': conversion from 'double' to 'int', possible loss of data
C:\Users\Maciej\Documents\GitHub\io\filter_median.h(47,80): warning C4244: 'argument': conversion from 'double' to '_Ty', possible loss of data
          with
          [
              _Ty=int
          ]
C:\Users\Maciej\Documents\GitHub\io\filter_median.h(51,27): warning C4244: 'argument': conversion from 'double' to 'const unsigned __int64', possible loss of data
C:\Users\Maciej\Documents\GitHub\io\filter_min.h(48,80): warning C4244: 'argument': conversion from 'double' to '_Ty', possible loss of data
          with
          [
              _Ty=int
          ]
C:\Users\Maciej\Documents\GitHub\io\filter_max.h(48,80): warning C4244: 'argument': conversion from 'double' to '_Ty', possible loss of data
          with
          [
              _Ty=int
          ]
  ConsoleApplication1.vcxproj -> C:\Users\Maciej\Documents\GitHub\io\x64\Debug\ConsoleApplication1.exe
